<?xml version="1.0" encoding="UTF-8"?>
<!-- Generated by org.testng.reporters.JUnitReportReporter -->
<testsuite hostname="96636880978660" failures="0" tests="1" name="ExtentReports.LearnExtentReports" time="0.574" errors="0" timestamp="2025-03-23T11:26:26 IST" skipped="0">
  <testcase classname="ExtentReports.LearnExtentReports" name="createReport" time="0.574"/>
  <system-out/>
</testsuite> <!-- ExtentReports.LearnExtentReports -->
