<?xml version="1.0" encoding="UTF-8"?>
<!-- Generated by org.testng.reporters.JUnitReportReporter -->
<testsuite hostname="96636880978660" failures="0" tests="1" name="ExtentReports.AddScreenshotIntoReport" time="6.056" errors="0" timestamp="2025-03-23T12:04:17 IST" skipped="0">
  <testcase classname="ExtentReports.AddScreenshotIntoReport" name="addScreenshot" time="6.056"/>
</testsuite> <!-- ExtentReports.AddScreenshotIntoReport -->
